<?xml version="1.0" encoding="UTF-8"?>
<!-- Generated by org.testng.reporters.JUnitXMLReporter -->
<testsuite ignored="0" hostname="nomarlo-home" failures="0" tests="1" name="Gradle test" time="60.549" errors="0" timestamp="2021-09-03T00:15:22 CDT">
  <testcase classname="TestGitHub" name="@BeforeTest setup" time="60.521">
    <failure type="org.openqa.selenium.WebDriverException" message="unknown error: DevToolsActivePort file doesn&amp;apos;t exist
Build info: version: &amp;apos;3.141.59&amp;apos;, revision: &amp;apos;e82be7d358&amp;apos;, time: &amp;apos;2018-11-14T08:17:03&amp;apos;
System info: host: &amp;apos;nomarlo-home&amp;apos;, ip: &amp;apos;127.0.1.1&amp;apos;, os.name: &amp;apos;Linux&amp;apos;, os.arch: &amp;apos;amd64&amp;apos;, os.version: &amp;apos;5.4.0-81-generic&amp;apos;, java.version: &amp;apos;11.0.11&amp;apos;
Driver info: driver.version: ChromeDriver
remote stacktrace: #0 0x557539a408c3 &amp;lt;unknown&amp;gt;
#1 0x5575397b3ae8 &amp;lt;unknown&amp;gt;
#2 0x5575397d9312 &amp;lt;unknown&amp;gt;
#3 0x5575397d5995 &amp;lt;unknown&amp;gt;
#4 0x5575397d1eea &amp;lt;unknown&amp;gt;
#5 0x55753980bb17 &amp;lt;unknown&amp;gt;
#6 0x557539805e63 &amp;lt;unknown&amp;gt;
#7 0x5575397dc883 &amp;lt;unknown&amp;gt;
#8 0x5575397dd935 &amp;lt;unknown&amp;gt;
#9 0x557539a6eb63 &amp;lt;unknown&amp;gt;
#10 0x557539a8226b &amp;lt;unknown&amp;gt;
#11 0x557539a834ef &amp;lt;unknown&amp;gt;
#12 0x557539a6fc70 &amp;lt;unknown&amp;gt;
#13 0x557539a83a85 &amp;lt;unknown&amp;gt;
#14 0x557539a65d4b &amp;lt;unknown&amp;gt;
#15 0x557539a9d5a8 &amp;lt;unknown&amp;gt;
#16 0x557539a9d728 &amp;lt;unknown&amp;gt;
#17 0x557539ab71ed &amp;lt;unknown&amp;gt;
#18 0x7f16e6828609 start_thread
">
      <![CDATA[org.openqa.selenium.WebDriverException: unknown error: DevToolsActivePort file doesn't exist
Build info: version: '3.141.59', revision: 'e82be7d358', time: '2018-11-14T08:17:03'
System info: host: 'nomarlo-home', ip: '127.0.1.1', os.name: 'Linux', os.arch: 'amd64', os.version: '5.4.0-81-generic', java.version: '11.0.11'
Driver info: driver.version: ChromeDriver
remote stacktrace: #0 0x557539a408c3 <unknown>
#1 0x5575397b3ae8 <unknown>
#2 0x5575397d9312 <unknown>
#3 0x5575397d5995 <unknown>
#4 0x5575397d1eea <unknown>
#5 0x55753980bb17 <unknown>
#6 0x557539805e63 <unknown>
#7 0x5575397dc883 <unknown>
#8 0x5575397dd935 <unknown>
#9 0x557539a6eb63 <unknown>
#10 0x557539a8226b <unknown>
#11 0x557539a834ef <unknown>
#12 0x557539a6fc70 <unknown>
#13 0x557539a83a85 <unknown>
#14 0x557539a65d4b <unknown>
#15 0x557539a9d5a8 <unknown>
#16 0x557539a9d728 <unknown>
#17 0x557539ab71ed <unknown>
#18 0x7f16e6828609 start_thread

at org.openqa.selenium.remote.W3CHandshakeResponse.lambda$errorHandler$0(W3CHandshakeResponse.java:62)
at org.openqa.selenium.remote.HandshakeResponse.lambda$getResponseFunction$0(HandshakeResponse.java:30)
at org.openqa.selenium.remote.ProtocolHandshake.lambda$createSession$0(ProtocolHandshake.java:126)
at java.base/java.util.stream.ReferencePipeline$3$1.accept(ReferencePipeline.java:195)
at java.base/java.util.Spliterators$ArraySpliterator.tryAdvance(Spliterators.java:958)
at java.base/java.util.stream.ReferencePipeline.forEachWithCancel(ReferencePipeline.java:127)
at java.base/java.util.stream.AbstractPipeline.copyIntoWithCancel(AbstractPipeline.java:502)
at java.base/java.util.stream.AbstractPipeline.copyInto(AbstractPipeline.java:488)
at java.base/java.util.stream.AbstractPipeline.wrapAndCopyInto(AbstractPipeline.java:474)
at java.base/java.util.stream.FindOps$FindOp.evaluateSequential(FindOps.java:150)
at java.base/java.util.stream.AbstractPipeline.evaluate(AbstractPipeline.java:234)
at java.base/java.util.stream.ReferencePipeline.findFirst(ReferencePipeline.java:543)
at org.openqa.selenium.remote.ProtocolHandshake.createSession(ProtocolHandshake.java:128)
at org.openqa.selenium.remote.ProtocolHandshake.createSession(ProtocolHandshake.java:74)
at org.openqa.selenium.remote.HttpCommandExecutor.execute(HttpCommandExecutor.java:136)
at org.openqa.selenium.remote.service.DriverCommandExecutor.execute(DriverCommandExecutor.java:83)
at org.openqa.selenium.remote.RemoteWebDriver.execute(RemoteWebDriver.java:552)
at org.openqa.selenium.remote.RemoteWebDriver.startSession(RemoteWebDriver.java:213)
at org.openqa.selenium.remote.RemoteWebDriver.<init>(RemoteWebDriver.java:131)
at org.openqa.selenium.chrome.ChromeDriver.<init>(ChromeDriver.java:181)
at org.openqa.selenium.chrome.ChromeDriver.<init>(ChromeDriver.java:168)
at org.openqa.selenium.chrome.ChromeDriver.<init>(ChromeDriver.java:157)
at TestGitHub.setup(TestGitHub.java:27)
at com.sun.proxy.$Proxy2.stop(Unknown Source)
at java.base/java.util.concurrent.ThreadPoolExecutor.runWorker(ThreadPoolExecutor.java:1128)
at java.base/java.util.concurrent.ThreadPoolExecutor$Worker.run(ThreadPoolExecutor.java:628)
at java.base/java.lang.Thread.run(Thread.java:829)
... Removed 49 stack frames]]>
    </failure>
  </testcase> <!-- @BeforeTest setup -->
  <testcase classname="TestGitHub" name="@AfterTest teardown" time="-1.630646122429E9">
    <skipped/>
  </testcase> <!-- @AfterTest teardown -->
  <testcase classname="TestGitHub" name="verifyGitHubTitle" time="0.0">
    <skipped/>
  </testcase> <!-- verifyGitHubTitle -->
</testsuite> <!-- Gradle test -->
